c:\users\stefyboy\documents\visual studio 2015\projects\122pa9\122pa9\debug\vc140.pdb
c:\users\stefyboy\documents\visual studio 2015\projects\122pa9\122pa9\debug\vc140.idb
c:\users\stefyboy\documents\visual studio 2015\projects\122pa9\122pa9\debug\endpage.obj
c:\users\stefyboy\documents\visual studio 2015\projects\122pa9\122pa9\debug\enemy.obj
c:\users\stefyboy\documents\visual studio 2015\projects\122pa9\122pa9\debug\entity.obj
c:\users\stefyboy\documents\visual studio 2015\projects\122pa9\122pa9\debug\main.obj
c:\users\stefyboy\documents\visual studio 2015\projects\122pa9\122pa9\debug\menu.obj
c:\users\stefyboy\documents\visual studio 2015\projects\122pa9\122pa9\debug\pickup.obj
c:\users\stefyboy\documents\visual studio 2015\projects\122pa9\122pa9\debug\player.obj
c:\users\stefyboy\documents\visual studio 2015\projects\122pa9\122pa9\debug\projectile.obj
c:\users\stefyboy\documents\visual studio 2015\projects\122pa9\122pa9\debug\random.obj
c:\users\stefyboy\documents\visual studio 2015\projects\122pa9\122pa9\debug\textdisplay.obj
c:\users\stefyboy\documents\visual studio 2015\projects\122pa9\debug\122pa9.ilk
c:\users\stefyboy\documents\visual studio 2015\projects\122pa9\debug\122pa9.exe
c:\users\stefyboy\documents\visual studio 2015\projects\122pa9\debug\122pa9.pdb
c:\users\stefyboy\documents\visual studio 2015\projects\122pa9\122pa9\debug\122pa9.tlog\cl.command.1.tlog
c:\users\stefyboy\documents\visual studio 2015\projects\122pa9\122pa9\debug\122pa9.tlog\cl.read.1.tlog
c:\users\stefyboy\documents\visual studio 2015\projects\122pa9\122pa9\debug\122pa9.tlog\cl.write.1.tlog
c:\users\stefyboy\documents\visual studio 2015\projects\122pa9\122pa9\debug\122pa9.tlog\link.command.1.tlog
c:\users\stefyboy\documents\visual studio 2015\projects\122pa9\122pa9\debug\122pa9.tlog\link.read.1.tlog
c:\users\stefyboy\documents\visual studio 2015\projects\122pa9\122pa9\debug\122pa9.tlog\link.write.1.tlog
