  textDisplay.cpp
c:\users\stefyboy\documents\visual studio 2015\projects\122pa9\122pa9\entity.h(2): fatal error C1083: Cannot open include file: 'SFML/Graphics.hpp': No such file or directory
  random.cpp
c:\users\stefyboy\documents\visual studio 2015\projects\122pa9\122pa9\random.h(2): fatal error C1083: Cannot open include file: 'SFML/Graphics.hpp': No such file or directory
  projectile.cpp
c:\users\stefyboy\documents\visual studio 2015\projects\122pa9\122pa9\projectile.h(6): fatal error C1083: Cannot open include file: 'SFML/Graphics.hpp': No such file or directory
  player.cpp
c:\users\stefyboy\documents\visual studio 2015\projects\122pa9\122pa9\player.h(4): fatal error C1083: Cannot open include file: 'SFML/Graphics.hpp': No such file or directory
  pickup.cpp
c:\users\stefyboy\documents\visual studio 2015\projects\122pa9\122pa9\entity.h(2): fatal error C1083: Cannot open include file: 'SFML/Graphics.hpp': No such file or directory
  Menu.cpp
c:\users\stefyboy\documents\visual studio 2015\projects\122pa9\122pa9\menu.h(2): fatal error C1083: Cannot open include file: 'SFML/Graphics.hpp': No such file or directory
  main.cpp
c:\users\stefyboy\documents\visual studio 2015\projects\122pa9\122pa9\main.cpp(1): fatal error C1083: Cannot open include file: 'SFML/Graphics.hpp': No such file or directory
  entity.cpp
c:\users\stefyboy\documents\visual studio 2015\projects\122pa9\122pa9\entity.h(2): fatal error C1083: Cannot open include file: 'SFML/Graphics.hpp': No such file or directory
  enemy.cpp
c:\users\stefyboy\documents\visual studio 2015\projects\122pa9\122pa9\enemy.h(8): fatal error C1083: Cannot open include file: 'SFML/Graphics.hpp': No such file or directory
  EndPage.cpp
c:\users\stefyboy\documents\visual studio 2015\projects\122pa9\122pa9\endpage.h(2): fatal error C1083: Cannot open include file: 'SFML/Graphics.hpp': No such file or directory
  Generating Code...
